[0m11:07:41.806902 [debug] [MainThread]: Sending event: {'category': 'dbt', 'action': 'invocation', 'label': 'start', 'context': [<snowplow_tracker.self_describing_json.SelfDescribingJson object at 0x00000255B29B1BE0>, <snowplow_tracker.self_describing_json.SelfDescribingJson object at 0x00000255B34A9950>, <snowplow_tracker.self_describing_json.SelfDescribingJson object at 0x00000255B4A63ED0>]}


============================== 11:07:41.818115 | 753bced1-c4c3-47ac-b7b0-0844c907a1c0 ==============================
[0m11:07:41.818115 [info ] [MainThread]: Running with dbt=1.10.13
[0m11:07:41.819285 [debug] [MainThread]: running dbt with arguments {'invocation_command': 'dbt init dbt_coinbase', 'target_path': 'None', 'printer_width': '80', 'profiles_dir': 'C:\\Users\\ADT\\.dbt', 'no_print': 'None', 'warn_error': 'None', 'indirect_selection': 'eager', 'partial_parse': 'True', 'fail_fast': 'False', 'send_anonymous_usage_stats': 'True', 'log_path': 'logs', 'warn_error_options': 'WarnErrorOptionsV2(error=[], warn=[], silence=[])', 'static_parser': 'True', 'version_check': 'True', 'use_experimental_parser': 'False', 'introspect': 'True', 'quiet': 'False', 'empty': 'None', 'log_cache_events': 'False', 'debug': 'False', 'log_format': 'default', 'use_colors': 'True', 'cache_selected_only': 'False', 'write_json': 'True'}
[0m11:07:41.854116 [debug] [MainThread]: Starter project path: C:\Users\ADT\desktop\data_ingestion_api\venv\Lib\site-packages\dbt\include\starter_project
[0m11:07:41.876157 [info ] [MainThread]: 
Your new dbt project "dbt_coinbase" was created!

For more information on how to configure the profiles.yml file,
please consult the dbt documentation here:

  https://docs.getdbt.com/docs/configure-your-profile

One more thing:

Need help? Don't hesitate to reach out to us via GitHub issues or on Slack:

  https://community.getdbt.com/

Happy modeling!

[0m11:07:41.879010 [info ] [MainThread]: Setting up your profile.
[0m11:10:38.448242 [info ] [MainThread]: Profile dbt_coinbase written to C:\Users\ADT\.dbt\profiles.yml using target's profile_template.yml and your supplied values. Run 'dbt debug' to validate the connection.
[0m11:10:38.450281 [debug] [MainThread]: Command `dbt init` succeeded at 11:10:38.450050 after 176.78 seconds
[0m11:10:38.451035 [debug] [MainThread]: Sending event: {'category': 'dbt', 'action': 'invocation', 'label': 'end', 'context': [<snowplow_tracker.self_describing_json.SelfDescribingJson object at 0x00000255D088A3F0>, <snowplow_tracker.self_describing_json.SelfDescribingJson object at 0x00000255B4B7B0B0>, <snowplow_tracker.self_describing_json.SelfDescribingJson object at 0x00000255CF803DF0>]}
[0m11:10:38.451760 [debug] [MainThread]: Flushing usage events
[0m11:10:39.050879 [debug] [MainThread]: An error was encountered while trying to flush usage events
[0m11:10:59.889346 [debug] [MainThread]: Sending event: {'category': 'dbt', 'action': 'invocation', 'label': 'start', 'context': [<snowplow_tracker.self_describing_json.SelfDescribingJson object at 0x000002CCDBEF1BE0>, <snowplow_tracker.self_describing_json.SelfDescribingJson object at 0x000002CCDC9ED950>, <snowplow_tracker.self_describing_json.SelfDescribingJson object at 0x000002CCDDF9FED0>]}


============================== 11:10:59.900629 | b1a31cf2-4bd0-456b-91bc-5480b03d9228 ==============================
[0m11:10:59.900629 [info ] [MainThread]: Running with dbt=1.10.13
[0m11:10:59.902938 [debug] [MainThread]: running dbt with arguments {'printer_width': '80', 'target_path': 'None', 'log_format': 'default', 'profiles_dir': 'C:\\Users\\ADT\\.dbt', 'use_colors': 'True', 'warn_error': 'None', 'log_path': 'logs', 'fail_fast': 'False', 'static_parser': 'True', 'send_anonymous_usage_stats': 'True', 'indirect_selection': 'eager', 'warn_error_options': 'WarnErrorOptionsV2(error=[], warn=[], silence=[])', 'partial_parse': 'True', 'version_check': 'True', 'use_experimental_parser': 'False', 'quiet': 'False', 'introspect': 'True', 'empty': 'None', 'log_cache_events': 'False', 'debug': 'False', 'no_print': 'None', 'invocation_command': 'dbt debug', 'cache_selected_only': 'False', 'write_json': 'True'}
[0m11:10:59.931765 [info ] [MainThread]: dbt version: 1.10.13
[0m11:10:59.933238 [info ] [MainThread]: python version: 3.13.1
[0m11:10:59.934228 [info ] [MainThread]: python path: C:\Users\ADT\desktop\data_ingestion_api\venv\Scripts\python.exe
[0m11:10:59.935370 [info ] [MainThread]: os info: Windows-11-10.0.22621-SP0
[0m11:11:05.192525 [info ] [MainThread]: Using profiles dir at C:\Users\ADT\.dbt
[0m11:11:05.193460 [info ] [MainThread]: Using profiles.yml file at C:\Users\ADT\.dbt\profiles.yml
[0m11:11:05.194217 [info ] [MainThread]: Using dbt_project.yml file at C:\Users\ADT\Desktop\data_ingestion_api\dbt_project.yml
[0m11:11:05.194990 [info ] [MainThread]: adapter type: bigquery
[0m11:11:05.195747 [info ] [MainThread]: adapter version: 1.10.3
[0m11:11:05.196517 [info ] [MainThread]: Configuration:
[0m11:11:05.197231 [info ] [MainThread]:   profiles.yml file [[32mOK found and valid[0m]
[0m11:11:05.197955 [info ] [MainThread]:   dbt_project.yml file [[31mERROR not found[0m]
[0m11:11:05.198839 [info ] [MainThread]: Required dependencies:
[0m11:11:05.199708 [debug] [MainThread]: Executing "git --help"
[0m11:11:05.243380 [debug] [MainThread]: STDOUT: "b"usage: git [-v | --version] [-h | --help] [-C <path>] [-c <name>=<value>]\n           [--exec-path[=<path>]] [--html-path] [--man-path] [--info-path]\n           [-p | --paginate | -P | --no-pager] [--no-replace-objects] [--no-lazy-fetch]\n           [--no-optional-locks] [--no-advice] [--bare] [--git-dir=<path>]\n           [--work-tree=<path>] [--namespace=<name>] [--config-env=<name>=<envvar>]\n           <command> [<args>]\n\nThese are common Git commands used in various situations:\n\nstart a working area (see also: git help tutorial)\n   clone      Clone a repository into a new directory\n   init       Create an empty Git repository or reinitialize an existing one\n\nwork on the current change (see also: git help everyday)\n   add        Add file contents to the index\n   mv         Move or rename a file, a directory, or a symlink\n   restore    Restore working tree files\n   rm         Remove files from the working tree and from the index\n\nexamine the history and state (see also: git help revisions)\n   bisect     Use binary search to find the commit that introduced a bug\n   diff       Show changes between commits, commit and working tree, etc\n   grep       Print lines matching a pattern\n   log        Show commit logs\n   show       Show various types of objects\n   status     Show the working tree status\n\ngrow, mark and tweak your common history\n   backfill   Download missing objects in a partial clone\n   branch     List, create, or delete branches\n   commit     Record changes to the repository\n   merge      Join two or more development histories together\n   rebase     Reapply commits on top of another base tip\n   reset      Reset current HEAD to the specified state\n   switch     Switch branches\n   tag        Create, list, delete or verify a tag object signed with GPG\n\ncollaborate (see also: git help workflows)\n   fetch      Download objects and refs from another repository\n   pull       Fetch from and integrate with another repository or a local branch\n   push       Update remote refs along with associated objects\n\n'git help -a' and 'git help -g' list available subcommands and some\nconcept guides. See 'git help <command>' or 'git help <concept>'\nto read about a specific subcommand or concept.\nSee 'git help git' for an overview of the system.\n""
[0m11:11:05.244118 [debug] [MainThread]: STDERR: "b''"
[0m11:11:05.244659 [info ] [MainThread]:  - git [[32mOK found[0m]

[0m11:11:05.245576 [info ] [MainThread]: Connection:
[0m11:11:05.246379 [info ] [MainThread]:   method: service-account
[0m11:11:05.247140 [info ] [MainThread]:   database: crypto-data-pipeline-477720
[0m11:11:05.247878 [info ] [MainThread]:   execution_project: crypto-data-pipeline-477720
[0m11:11:05.248584 [info ] [MainThread]:   schema: coinbase_data
[0m11:11:05.249334 [info ] [MainThread]:   location: US
[0m11:11:05.250045 [info ] [MainThread]:   priority: interactive
[0m11:11:05.251288 [info ] [MainThread]:   maximum_bytes_billed: None
[0m11:11:05.253786 [info ] [MainThread]:   impersonate_service_account: None
[0m11:11:05.255122 [info ] [MainThread]:   job_retry_deadline_seconds: None
[0m11:11:05.255958 [info ] [MainThread]:   job_retries: 1
[0m11:11:05.256859 [info ] [MainThread]:   job_creation_timeout_seconds: None
[0m11:11:05.257697 [info ] [MainThread]:   job_execution_timeout_seconds: 300
[0m11:11:05.258479 [info ] [MainThread]:   timeout_seconds: 300
[0m11:11:05.259352 [info ] [MainThread]:   client_id: None
[0m11:11:05.260207 [info ] [MainThread]:   token_uri: None
[0m11:11:05.261068 [info ] [MainThread]:   compute_region: None
[0m11:11:05.262222 [info ] [MainThread]:   dataproc_cluster_name: None
[0m11:11:05.263062 [info ] [MainThread]:   gcs_bucket: None
[0m11:11:05.263801 [info ] [MainThread]:   dataproc_batch: None
[0m11:11:05.264787 [info ] [MainThread]: Registered adapter: bigquery=1.10.3
[0m11:11:06.000873 [debug] [MainThread]: Acquiring new bigquery connection 'debug'
[0m11:11:06.001476 [debug] [MainThread]: On debug: select 1 as id
[0m11:11:06.002004 [debug] [MainThread]: Opening a new connection, currently in state init
[0m11:11:06.002635 [debug] [MainThread]: BigQuery adapter: Got an error when attempting to create a bigquery " "client: '[Errno 2] No such file or directory: 'C:\\Users\\ADT\\Documents\\dbt\\dbt_coinbase''
[0m11:11:06.003213 [debug] [MainThread]: BigQuery adapter: Unhandled error while running:
select 1 as id
[0m11:11:06.003704 [debug] [MainThread]: BigQuery adapter: Database Error
  [Errno 2] No such file or directory: 'C:\\Users\\ADT\\Documents\\dbt\\dbt_coinbase'
[0m11:11:06.004186 [info ] [MainThread]:   Connection test: [[31mERROR[0m]

[0m11:11:06.005207 [info ] [MainThread]: [31m2 checks failed:[0m
[0m11:11:06.005968 [info ] [MainThread]: Project loading failed for the following reason:
 project path <C:\Users\ADT\Desktop\data_ingestion_api\dbt_project.yml> not found

[0m11:11:06.006915 [info ] [MainThread]: dbt was unable to connect to the specified database.
The database returned the following error:

  >'NoneType' object has no attribute 'close'

Check your database credentials and try again. For more information, visit:
https://docs.getdbt.com/docs/configure-your-profile


[0m11:11:06.009430 [debug] [MainThread]: Command `dbt debug` failed at 11:11:06.009260 after 6.28 seconds
[0m11:11:06.009997 [debug] [MainThread]: Sending event: {'category': 'dbt', 'action': 'invocation', 'label': 'end', 'context': [<snowplow_tracker.self_describing_json.SelfDescribingJson object at 0x000002CCF9EAC9D0>, <snowplow_tracker.self_describing_json.SelfDescribingJson object at 0x000002CCF9E9EB10>, <snowplow_tracker.self_describing_json.SelfDescribingJson object at 0x000002CCF8D7FAC0>]}
[0m11:11:06.010542 [debug] [MainThread]: Flushing usage events
[0m11:11:06.550028 [debug] [MainThread]: An error was encountered while trying to flush usage events
[0m11:12:08.478353 [debug] [MainThread]: Sending event: {'category': 'dbt', 'action': 'invocation', 'label': 'start', 'context': [<snowplow_tracker.self_describing_json.SelfDescribingJson object at 0x0000027A8B9B1BE0>, <snowplow_tracker.self_describing_json.SelfDescribingJson object at 0x0000027A8C4AD950>, <snowplow_tracker.self_describing_json.SelfDescribingJson object at 0x0000027A8DA5FED0>]}


============================== 11:12:08.488538 | 4c3b05f3-9476-464e-bc72-c9f384407d6c ==============================
[0m11:12:08.488538 [info ] [MainThread]: Running with dbt=1.10.13
[0m11:12:08.489606 [debug] [MainThread]: running dbt with arguments {'profiles_dir': 'C:\\Users\\ADT\\.dbt', 'use_colors': 'True', 'printer_width': '80', 'target_path': 'None', 'log_format': 'default', 'warn_error': 'None', 'indirect_selection': 'eager', 'partial_parse': 'True', 'static_parser': 'True', 'send_anonymous_usage_stats': 'True', 'fail_fast': 'False', 'warn_error_options': 'WarnErrorOptionsV2(error=[], warn=[], silence=[])', 'log_path': 'logs', 'version_check': 'True', 'use_experimental_parser': 'False', 'quiet': 'False', 'introspect': 'True', 'empty': 'None', 'log_cache_events': 'False', 'debug': 'False', 'no_print': 'None', 'invocation_command': 'dbt debug', 'cache_selected_only': 'False', 'write_json': 'True'}
[0m11:12:08.518961 [info ] [MainThread]: dbt version: 1.10.13
[0m11:12:08.519842 [info ] [MainThread]: python version: 3.13.1
[0m11:12:08.520821 [info ] [MainThread]: python path: C:\Users\ADT\desktop\data_ingestion_api\venv\Scripts\python.exe
[0m11:12:08.521646 [info ] [MainThread]: os info: Windows-11-10.0.22621-SP0
[0m11:12:13.210170 [info ] [MainThread]: Using profiles dir at C:\Users\ADT\.dbt
[0m11:12:13.211151 [info ] [MainThread]: Using profiles.yml file at C:\Users\ADT\.dbt\profiles.yml
[0m11:12:13.211898 [info ] [MainThread]: Using dbt_project.yml file at C:\Users\ADT\Desktop\data_ingestion_api\dbt_project.yml
[0m11:12:13.212647 [info ] [MainThread]: adapter type: bigquery
[0m11:12:13.213379 [info ] [MainThread]: adapter version: 1.10.3
[0m11:12:13.214147 [info ] [MainThread]: Configuration:
[0m11:12:13.214857 [info ] [MainThread]:   profiles.yml file [[32mOK found and valid[0m]
[0m11:12:13.215573 [info ] [MainThread]:   dbt_project.yml file [[31mERROR not found[0m]
[0m11:12:13.216287 [info ] [MainThread]: Required dependencies:
[0m11:12:13.217323 [debug] [MainThread]: Executing "git --help"
[0m11:12:13.263414 [debug] [MainThread]: STDOUT: "b"usage: git [-v | --version] [-h | --help] [-C <path>] [-c <name>=<value>]\n           [--exec-path[=<path>]] [--html-path] [--man-path] [--info-path]\n           [-p | --paginate | -P | --no-pager] [--no-replace-objects] [--no-lazy-fetch]\n           [--no-optional-locks] [--no-advice] [--bare] [--git-dir=<path>]\n           [--work-tree=<path>] [--namespace=<name>] [--config-env=<name>=<envvar>]\n           <command> [<args>]\n\nThese are common Git commands used in various situations:\n\nstart a working area (see also: git help tutorial)\n   clone      Clone a repository into a new directory\n   init       Create an empty Git repository or reinitialize an existing one\n\nwork on the current change (see also: git help everyday)\n   add        Add file contents to the index\n   mv         Move or rename a file, a directory, or a symlink\n   restore    Restore working tree files\n   rm         Remove files from the working tree and from the index\n\nexamine the history and state (see also: git help revisions)\n   bisect     Use binary search to find the commit that introduced a bug\n   diff       Show changes between commits, commit and working tree, etc\n   grep       Print lines matching a pattern\n   log        Show commit logs\n   show       Show various types of objects\n   status     Show the working tree status\n\ngrow, mark and tweak your common history\n   backfill   Download missing objects in a partial clone\n   branch     List, create, or delete branches\n   commit     Record changes to the repository\n   merge      Join two or more development histories together\n   rebase     Reapply commits on top of another base tip\n   reset      Reset current HEAD to the specified state\n   switch     Switch branches\n   tag        Create, list, delete or verify a tag object signed with GPG\n\ncollaborate (see also: git help workflows)\n   fetch      Download objects and refs from another repository\n   pull       Fetch from and integrate with another repository or a local branch\n   push       Update remote refs along with associated objects\n\n'git help -a' and 'git help -g' list available subcommands and some\nconcept guides. See 'git help <command>' or 'git help <concept>'\nto read about a specific subcommand or concept.\nSee 'git help git' for an overview of the system.\n""
[0m11:12:13.264139 [debug] [MainThread]: STDERR: "b''"
[0m11:12:13.264620 [info ] [MainThread]:  - git [[32mOK found[0m]

[0m11:12:13.265655 [info ] [MainThread]: Connection:
[0m11:12:13.266517 [info ] [MainThread]:   method: service-account
[0m11:12:13.267271 [info ] [MainThread]:   database: crypto-data-pipeline-477720
[0m11:12:13.268000 [info ] [MainThread]:   execution_project: crypto-data-pipeline-477720
[0m11:12:13.268885 [info ] [MainThread]:   schema: coinbase_data
[0m11:12:13.270566 [info ] [MainThread]:   location: US
[0m11:12:13.272759 [info ] [MainThread]:   priority: interactive
[0m11:12:13.273802 [info ] [MainThread]:   maximum_bytes_billed: None
[0m11:12:13.274611 [info ] [MainThread]:   impersonate_service_account: None
[0m11:12:13.275363 [info ] [MainThread]:   job_retry_deadline_seconds: None
[0m11:12:13.276087 [info ] [MainThread]:   job_retries: 1
[0m11:12:13.276800 [info ] [MainThread]:   job_creation_timeout_seconds: None
[0m11:12:13.277506 [info ] [MainThread]:   job_execution_timeout_seconds: 300
[0m11:12:13.278562 [info ] [MainThread]:   timeout_seconds: 300
[0m11:12:13.279481 [info ] [MainThread]:   client_id: None
[0m11:12:13.280207 [info ] [MainThread]:   token_uri: None
[0m11:12:13.280867 [info ] [MainThread]:   compute_region: None
[0m11:12:13.281559 [info ] [MainThread]:   dataproc_cluster_name: None
[0m11:12:13.282267 [info ] [MainThread]:   gcs_bucket: None
[0m11:12:13.282965 [info ] [MainThread]:   dataproc_batch: None
[0m11:12:13.284020 [info ] [MainThread]: Registered adapter: bigquery=1.10.3
[0m11:12:13.991730 [debug] [MainThread]: Acquiring new bigquery connection 'debug'
[0m11:12:13.992333 [debug] [MainThread]: On debug: select 1 as id
[0m11:12:13.992799 [debug] [MainThread]: Opening a new connection, currently in state init
[0m11:12:15.336586 [debug] [MainThread]: BigQuery adapter: https://console.cloud.google.com/bigquery?project=crypto-data-pipeline-477720&j=bq:US:2b40338b-e5cd-461c-92ed-7180fa73f74a&page=queryresults
[0m11:12:15.892409 [info ] [MainThread]:   Connection test: [[32mOK connection ok[0m]

[0m11:12:15.894600 [info ] [MainThread]: [31m1 check failed:[0m
[0m11:12:15.896319 [info ] [MainThread]: Project loading failed for the following reason:
 project path <C:\Users\ADT\Desktop\data_ingestion_api\dbt_project.yml> not found

[0m11:12:15.900089 [debug] [MainThread]: Command `dbt debug` failed at 11:12:15.899671 after 7.58 seconds
[0m11:12:15.901788 [debug] [MainThread]: Connection 'debug' was properly closed.
[0m11:12:15.903061 [debug] [MainThread]: Sending event: {'category': 'dbt', 'action': 'invocation', 'label': 'end', 'context': [<snowplow_tracker.self_describing_json.SelfDescribingJson object at 0x0000027AA999CB00>, <snowplow_tracker.self_describing_json.SelfDescribingJson object at 0x0000027AA998FBF0>, <snowplow_tracker.self_describing_json.SelfDescribingJson object at 0x0000027AA886FDF0>]}
[0m11:12:15.904161 [debug] [MainThread]: Flushing usage events
[0m11:12:16.455532 [debug] [MainThread]: An error was encountered while trying to flush usage events
